The system is: Windows - 10.0.17763 - AMD64
Compiling the C compiler identification source file "CMakeCCompilerId.c" succeeded.
Compiler: C:/Program Files (x86)/Dev-Cpp/MinGW64/bin/gcc.exe 
Build flags: 
Id flags:  

The output was:
0


Compilation of the C compiler identification source "CMakeCCompilerId.c" produced "a.exe"

The C compiler identification is GNU, found in "C:/Users/vilso/Desktop/MTP/Pratica 4/Bytes de memória nulos (ptr2.c)/cmake-build-debug/CMakeFiles/3.14.2/CompilerIdC/a.exe"

Compiling the C compiler identification source file "CMakeCCompilerId.c" succeeded.
Compiler: C:/Program Files (x86)/Dev-Cpp/MinGW64/bin/gcc.exe 
Build flags: 
Id flags:  

The output was:
0


Compilation of the C compiler identification source "CMakeCCompilerId.c" produced "a.exe"

The C compiler identification is GNU, found in "C:/Users/vilso/Desktop/MTP/Pratica 4/Bytes de memória nulos (ptr2.c)/cmake-build-debug/CMakeFiles/3.14.2/CompilerIdC/a.exe"

Compiling the C compiler identification source file "CMakeCCompilerId.c" succeeded.
Compiler: C:/Program Files (x86)/Dev-Cpp/MinGW64/bin/gcc.exe 
Build flags: 
Id flags:  

The output was:
0


Compilation of the C compiler identification source "CMakeCCompilerId.c" produced "a.exe"

The C compiler identification is GNU, found in "C:/Users/vilso/Desktop/MTP/Pratica 4/Bytes de memória nulos (ptr2.c)/cmake-build-debug/CMakeFiles/3.14.2/CompilerIdC/a.exe"

Compiling the C compiler identification source file "CMakeCCompilerId.c" succeeded.
Compiler: C:/Program Files (x86)/Dev-Cpp/MinGW64/bin/gcc.exe 
Build flags: 
Id flags:  

The output was:
0


Compilation of the C compiler identification source "CMakeCCompilerId.c" produced "a.exe"

The C compiler identification is GNU, found in "C:/Users/vilso/Desktop/MTP/Pratica 4/Bytes de memória nulos (ptr2.c)/cmake-build-debug/CMakeFiles/3.14.2/CompilerIdC/a.exe"

Compiling the C compiler identification source file "CMakeCCompilerId.c" succeeded.
Compiler: C:/Program Files (x86)/Dev-Cpp/MinGW64/bin/gcc.exe 
Build flags: 
Id flags:  

The output was:
0


Compilation of the C compiler identification source "CMakeCCompilerId.c" produced "a.exe"

The C compiler identification is GNU, found in "C:/Users/vilso/Desktop/MTP/Pratica 4/Bytes de memória nulos (ptr2.c)/cmake-build-debug/CMakeFiles/3.14.2/CompilerIdC/a.exe"

Compiling the C compiler identification source file "CMakeCCompilerId.c" succeeded.
Compiler: C:/Program Files (x86)/Dev-Cpp/MinGW64/bin/gcc.exe 
Build flags: 
Id flags:  

The output was:
0


Compilation of the C compiler identification source "CMakeCCompilerId.c" produced "a.exe"

The C compiler identification is GNU, found in "C:/Users/vilso/Desktop/MTP/Pratica 4/Bytes de memória nulos (ptr2.c)/cmake-build-debug/CMakeFiles/3.14.2/CompilerIdC/a.exe"

Compiling the C compiler identification source file "CMakeCCompilerId.c" succeeded.
Compiler: C:/Program Files (x86)/Dev-Cpp/MinGW64/bin/gcc.exe 
Build flags: 
Id flags:  

The output was:
0


Compilation of the C compiler identification source "CMakeCCompilerId.c" produced "a.exe"

The C compiler identification is GNU, found in "C:/Users/vilso/Desktop/MTP/Pratica 4/Bytes de memória nulos (ptr2.c)/cmake-build-debug/CMakeFiles/3.14.2/CompilerIdC/a.exe"

